2022-09-02 21:25:11.278 INFO  org.hibernate.validator.internal.util.Version     :21   [32m                  [0;39m HV000001: Hibernate Validator 6.1.6.Final
2022-09-02 21:25:11.293 INFO  com.example.wiki.WikiApplication                  :55   [32m                  [0;39m Starting WikiApplication on LAPTOP-TR0VVFJE with PID 13892 (D:\IDEA\Wiki\wiki\target\classes started by 陈 in D:\IDEA\Wiki\wiki)
2022-09-02 21:25:11.294 INFO  com.example.wiki.WikiApplication                  :651  [32m                  [0;39m No active profile set, falling back to default profiles: default
2022-09-02 21:25:11.322 INFO  o.s.b.d.env.DevToolsPropertyDefaultsPostProcessor :225  [32m                  [0;39m Devtools property defaults active! Set 'spring.devtools.add-properties' to 'false' to disable
2022-09-02 21:25:11.322 INFO  o.s.b.d.env.DevToolsPropertyDefaultsPostProcessor :225  [32m                  [0;39m For additional web related logging consider setting the 'logging.level.web' property to 'DEBUG'
2022-09-02 21:25:12.070 INFO  o.s.d.r.config.RepositoryConfigurationDelegate    :249  [32m                  [0;39m Multiple Spring Data modules found, entering strict repository configuration mode!
2022-09-02 21:25:12.072 INFO  o.s.d.r.config.RepositoryConfigurationDelegate    :127  [32m                  [0;39m Bootstrapping Spring Data Redis repositories in DEFAULT mode.
2022-09-02 21:25:12.087 INFO  o.s.d.r.config.RepositoryConfigurationDelegate    :187  [32m                  [0;39m Finished Spring Data repository scanning in 5ms. Found 0 Redis repository interfaces.
2022-09-02 21:25:12.514 INFO  o.s.boot.web.embedded.tomcat.TomcatWebServer      :108  [32m                  [0;39m Tomcat initialized with port(s): 8080 (http)
2022-09-02 21:25:12.519 INFO  org.apache.coyote.http11.Http11NioProtocol        :173  [32m                  [0;39m Initializing ProtocolHandler ["http-nio-8080"]
2022-09-02 21:25:12.520 INFO  org.apache.catalina.core.StandardService          :173  [32m                  [0;39m Starting service [Tomcat]
2022-09-02 21:25:12.520 INFO  org.apache.catalina.core.StandardEngine           :173  [32m                  [0;39m Starting Servlet engine: [Apache Tomcat/9.0.41]
2022-09-02 21:25:12.572 INFO  o.a.c.core.ContainerBase.[Tomcat].[localhost].[/] :173  [32m                  [0;39m Initializing Spring embedded WebApplicationContext
2022-09-02 21:25:12.572 INFO  o.s.b.w.s.c.ServletWebServerApplicationContext    :285  [32m                  [0;39m Root WebApplicationContext: initialization completed in 1249 ms
2022-09-02 21:25:13.650 INFO  o.s.b.d.autoconfigure.OptionalLiveReloadServer    :58   [32m                  [0;39m LiveReload server is running on port 35729
2022-09-02 21:25:13.670 INFO  org.apache.coyote.http11.Http11NioProtocol        :173  [32m                  [0;39m Starting ProtocolHandler ["http-nio-8080"]
2022-09-02 21:25:13.682 INFO  o.s.boot.web.embedded.tomcat.TomcatWebServer      :220  [32m                  [0;39m Tomcat started on port(s): 8080 (http) with context path ''
2022-09-02 21:25:13.689 INFO  com.example.wiki.WikiApplication                  :61   [32m                  [0;39m Started WikiApplication in 2.693 seconds (JVM running for 3.441)
2022-09-02 21:25:41.512 INFO  o.a.c.core.ContainerBase.[Tomcat].[localhost].[/] :173  [32m                  [0;39m Initializing Spring DispatcherServlet 'dispatcherServlet'
2022-09-02 21:25:41.512 INFO  org.springframework.web.servlet.DispatcherServlet :525  [32m                  [0;39m Initializing Servlet 'dispatcherServlet'
2022-09-02 21:25:41.519 INFO  org.springframework.web.servlet.DispatcherServlet :547  [32m                  [0;39m Completed initialization in 7 ms
2022-09-02 21:25:41.591 INFO  com.example.wiki.aspect.LogAspect                 :54   [32m220896969474838528[0;39m ------------- 开始 -------------
2022-09-02 21:25:41.591 INFO  com.example.wiki.aspect.LogAspect                 :55   [32m220896969474838528[0;39m 请求地址: http://localhost:8080/ebook/findall GET
2022-09-02 21:25:41.592 INFO  com.example.wiki.aspect.LogAspect                 :56   [32m220896969474838528[0;39m 类名方法: com.example.wiki.controller.EbookController.list
2022-09-02 21:25:41.592 INFO  com.example.wiki.aspect.LogAspect                 :57   [32m220896969474838528[0;39m 远程地址: 127.0.0.1
2022-09-02 21:25:41.627 INFO  com.example.wiki.aspect.LogAspect                 :79   [32m220896969474838528[0;39m 请求参数: [{"page":1,"size":3}]
2022-09-02 21:25:41.649 INFO  com.zaxxer.hikari.HikariDataSource                :110  [32m220896969474838528[0;39m HikariPool-1 - Starting...
2022-09-02 21:25:42.026 INFO  com.zaxxer.hikari.HikariDataSource                :123  [32m220896969474838528[0;39m HikariPool-1 - Start completed.
2022-09-02 21:25:42.081 INFO  com.example.wiki.aspect.LogAspect                 :91   [32m220896969474838528[0;39m 返回结果: {"data":{"list":[{"category1Id":981,"category2Id":723,"cover":"nXDMIdiDyk","description":"9hZ7owvfb2","docCount":780,"id":5,"name":"Dai Lan","viewCount":621,"voteCount":903},{"category1Id":766,"category2Id":28,"cover":"Kq5Z6uFrSb","description":"OdC0u91vUG","docCount":252,"id":6,"name":"Tang Shihan","viewCount":277,"voteCount":281},{"category1Id":321,"category2Id":458,"cover":"Ytsj6fKHOo","description":"btsdvvpwRF","docCount":654,"id":7,"name":"Cheng Chiu Wai","viewCount":397,"voteCount":114}],"total":106},"message":"获取成功","success":true}
2022-09-02 21:25:42.081 INFO  com.example.wiki.aspect.LogAspect                 :92   [32m220896969474838528[0;39m ------------- 结束 耗时：491 ms -------------
2022-09-02 21:25:55.930 INFO  com.example.wiki.aspect.LogAspect                 :54   [32m220897029621157888[0;39m ------------- 开始 -------------
2022-09-02 21:25:55.930 INFO  com.example.wiki.aspect.LogAspect                 :55   [32m220897029621157888[0;39m 请求地址: http://localhost:8080/ebook/find GET
2022-09-02 21:25:55.931 INFO  com.example.wiki.aspect.LogAspect                 :56   [32m220897029621157888[0;39m 类名方法: com.example.wiki.controller.EbookController.FindEbookByName
2022-09-02 21:25:55.931 INFO  com.example.wiki.aspect.LogAspect                 :57   [32m220897029621157888[0;39m 远程地址: 127.0.0.1
2022-09-02 21:25:55.931 INFO  com.example.wiki.aspect.LogAspect                 :79   [32m220897029621157888[0;39m 请求参数: [{"name":"h","page":2,"size":4}]
2022-09-02 21:25:55.946 INFO  com.example.wiki.aspect.LogAspect                 :91   [32m220897029621157888[0;39m 返回结果: {"data":{"list":[{"category1Id":684,"category2Id":245,"cover":"daoBouIhnm","description":"s6mBKHAOFq","docCount":815,"id":10,"name":"Shao Anqi","viewCount":32,"voteCount":918},{"category1Id":21,"category2Id":409,"cover":"HoEDYV9iZm","description":"VWxxHXvA7l","docCount":570,"id":12,"name":"Tsui Ching Wan","viewCount":732,"voteCount":37},{"category1Id":171,"category2Id":739,"cover":"hzSyREZHvn","description":"qIxE02QrgX","docCount":727,"id":18,"name":"Yeung Hiu Tung","viewCount":596,"voteCount":880},{"category1Id":121,"category2Id":564,"cover":"AtH5xKbAES","description":"k1pmY0PEHZ","docCount":743,"id":19,"name":"Harada Akina","viewCount":579,"voteCount":569}],"total":46},"message":"查询成功","success":true}
2022-09-02 21:25:55.947 INFO  com.example.wiki.aspect.LogAspect                 :92   [32m220897029621157888[0;39m ------------- 结束 耗时：17 ms -------------
2022-09-02 21:35:34.846 INFO  com.zaxxer.hikari.HikariDataSource                :350  [32m                  [0;39m HikariPool-1 - Shutdown initiated...
2022-09-02 21:35:34.857 INFO  com.zaxxer.hikari.HikariDataSource                :352  [32m                  [0;39m HikariPool-1 - Shutdown completed.
