2022-09-03 16:23:43.633 INFO  org.hibernate.validator.internal.util.Version     :21   [32m                  [0;39m HV000001: Hibernate Validator 6.1.6.Final
2022-09-03 16:23:43.646 INFO  com.example.wiki.WikiApplication                  :55   [32m                  [0;39m Starting WikiApplication on LAPTOP-TR0VVFJE with PID 11092 (D:\IDEA\Wiki\wiki\target\classes started by 陈 in D:\IDEA\Wiki\wiki)
2022-09-03 16:23:43.647 INFO  com.example.wiki.WikiApplication                  :651  [32m                  [0;39m No active profile set, falling back to default profiles: default
2022-09-03 16:23:43.670 INFO  o.s.b.d.env.DevToolsPropertyDefaultsPostProcessor :225  [32m                  [0;39m Devtools property defaults active! Set 'spring.devtools.add-properties' to 'false' to disable
2022-09-03 16:23:43.671 INFO  o.s.b.d.env.DevToolsPropertyDefaultsPostProcessor :225  [32m                  [0;39m For additional web related logging consider setting the 'logging.level.web' property to 'DEBUG'
2022-09-03 16:23:44.207 INFO  o.s.d.r.config.RepositoryConfigurationDelegate    :249  [32m                  [0;39m Multiple Spring Data modules found, entering strict repository configuration mode!
2022-09-03 16:23:44.209 INFO  o.s.d.r.config.RepositoryConfigurationDelegate    :127  [32m                  [0;39m Bootstrapping Spring Data Redis repositories in DEFAULT mode.
2022-09-03 16:23:44.223 INFO  o.s.d.r.config.RepositoryConfigurationDelegate    :187  [32m                  [0;39m Finished Spring Data repository scanning in 5ms. Found 0 Redis repository interfaces.
2022-09-03 16:23:44.608 INFO  o.s.boot.web.embedded.tomcat.TomcatWebServer      :108  [32m                  [0;39m Tomcat initialized with port(s): 8080 (http)
2022-09-03 16:23:44.614 INFO  org.apache.coyote.http11.Http11NioProtocol        :173  [32m                  [0;39m Initializing ProtocolHandler ["http-nio-8080"]
2022-09-03 16:23:44.614 INFO  org.apache.catalina.core.StandardService          :173  [32m                  [0;39m Starting service [Tomcat]
2022-09-03 16:23:44.614 INFO  org.apache.catalina.core.StandardEngine           :173  [32m                  [0;39m Starting Servlet engine: [Apache Tomcat/9.0.41]
2022-09-03 16:23:44.689 INFO  o.a.c.core.ContainerBase.[Tomcat].[localhost].[/] :173  [32m                  [0;39m Initializing Spring embedded WebApplicationContext
2022-09-03 16:23:44.689 INFO  o.s.b.w.s.c.ServletWebServerApplicationContext    :285  [32m                  [0;39m Root WebApplicationContext: initialization completed in 1018 ms
2022-09-03 16:23:45.114 WARN  o.s.b.w.s.c.AnnotationConfigServletWebServerApplicationContext:559  [32m                  [0;39m Exception encountered during context initialization - cancelling refresh attempt: org.springframework.beans.factory.BeanCreationException: Error creating bean with name 'requestMappingHandlerMapping' defined in class path resource [org/springframework/web/servlet/config/annotation/DelegatingWebMvcConfiguration.class]: Invocation of init method failed; nested exception is java.lang.IllegalStateException: Ambiguous mapping. Cannot map 'testController' method 
com.example.wiki.controller.TestController#Hello()
to { /hellow}: There is already 'sysUserController' bean method
com.example.wiki.controller.SysUserController#Hello() mapped.
2022-09-03 16:23:45.123 INFO  org.apache.catalina.core.StandardService          :173  [32m                  [0;39m Stopping service [Tomcat]
2022-09-03 16:23:45.129 INFO  o.s.b.a.l.ConditionEvaluationReportLoggingListener:136  [32m                  [0;39m 

Error starting ApplicationContext. To display the conditions report re-run your application with 'debug' enabled.
2022-09-03 16:23:45.133 ERROR org.springframework.boot.SpringApplication        :837  [32m                  [0;39m Application run failed
org.springframework.beans.factory.BeanCreationException: Error creating bean with name 'requestMappingHandlerMapping' defined in class path resource [org/springframework/web/servlet/config/annotation/DelegatingWebMvcConfiguration.class]: Invocation of init method failed; nested exception is java.lang.IllegalStateException: Ambiguous mapping. Cannot map 'testController' method 
com.example.wiki.controller.TestController#Hello()
to { /hellow}: There is already 'sysUserController' bean method
com.example.wiki.controller.SysUserController#Hello() mapped.
	at org.springframework.beans.factory.support.AbstractAutowireCapableBeanFactory.initializeBean(AbstractAutowireCapableBeanFactory.java:1794)
	at org.springframework.beans.factory.support.AbstractAutowireCapableBeanFactory.doCreateBean(AbstractAutowireCapableBeanFactory.java:594)
	at org.springframework.beans.factory.support.AbstractAutowireCapableBeanFactory.createBean(AbstractAutowireCapableBeanFactory.java:516)
	at org.springframework.beans.factory.support.AbstractBeanFactory.lambda$doGetBean$0(AbstractBeanFactory.java:324)
	at org.springframework.beans.factory.support.DefaultSingletonBeanRegistry.getSingleton(DefaultSingletonBeanRegistry.java:234)
	at org.springframework.beans.factory.support.AbstractBeanFactory.doGetBean(AbstractBeanFactory.java:322)
	at org.springframework.beans.factory.support.AbstractBeanFactory.getBean(AbstractBeanFactory.java:202)
	at org.springframework.beans.factory.support.DefaultListableBeanFactory.preInstantiateSingletons(DefaultListableBeanFactory.java:897)
	at org.springframework.context.support.AbstractApplicationContext.finishBeanFactoryInitialization(AbstractApplicationContext.java:879)
	at org.springframework.context.support.AbstractApplicationContext.refresh(AbstractApplicationContext.java:551)
	at org.springframework.boot.web.servlet.context.ServletWebServerApplicationContext.refresh(ServletWebServerApplicationContext.java:143)
	at org.springframework.boot.SpringApplication.refresh(SpringApplication.java:758)
	at org.springframework.boot.SpringApplication.refresh(SpringApplication.java:750)
	at org.springframework.boot.SpringApplication.refreshContext(SpringApplication.java:405)
	at org.springframework.boot.SpringApplication.run(SpringApplication.java:315)
	at org.springframework.boot.SpringApplication.run(SpringApplication.java:1237)
	at org.springframework.boot.SpringApplication.run(SpringApplication.java:1226)
	at com.example.wiki.WikiApplication.main(WikiApplication.java:10)
	at sun.reflect.NativeMethodAccessorImpl.invoke0(Native Method)
	at sun.reflect.NativeMethodAccessorImpl.invoke(NativeMethodAccessorImpl.java:62)
	at sun.reflect.DelegatingMethodAccessorImpl.invoke(DelegatingMethodAccessorImpl.java:43)
	at java.lang.reflect.Method.invoke(Method.java:498)
	at org.springframework.boot.devtools.restart.RestartLauncher.run(RestartLauncher.java:49)
Caused by: java.lang.IllegalStateException: Ambiguous mapping. Cannot map 'testController' method 
com.example.wiki.controller.TestController#Hello()
to { /hellow}: There is already 'sysUserController' bean method
com.example.wiki.controller.SysUserController#Hello() mapped.
	at org.springframework.web.servlet.handler.AbstractHandlerMethodMapping$MappingRegistry.validateMethodMapping(AbstractHandlerMethodMapping.java:636)
	at org.springframework.web.servlet.handler.AbstractHandlerMethodMapping$MappingRegistry.register(AbstractHandlerMethodMapping.java:603)
	at org.springframework.web.servlet.handler.AbstractHandlerMethodMapping.registerHandlerMethod(AbstractHandlerMethodMapping.java:318)
	at org.springframework.web.servlet.mvc.method.annotation.RequestMappingHandlerMapping.registerHandlerMethod(RequestMappingHandlerMapping.java:378)
	at org.springframework.web.servlet.mvc.method.annotation.RequestMappingHandlerMapping.registerHandlerMethod(RequestMappingHandlerMapping.java:75)
	at org.springframework.web.servlet.handler.AbstractHandlerMethodMapping.lambda$detectHandlerMethods$1(AbstractHandlerMethodMapping.java:288)
	at java.util.LinkedHashMap.forEach(LinkedHashMap.java:684)
	at org.springframework.web.servlet.handler.AbstractHandlerMethodMapping.detectHandlerMethods(AbstractHandlerMethodMapping.java:286)
	at org.springframework.web.servlet.handler.AbstractHandlerMethodMapping.processCandidateBean(AbstractHandlerMethodMapping.java:258)
	at org.springframework.web.servlet.handler.AbstractHandlerMethodMapping.initHandlerMethods(AbstractHandlerMethodMapping.java:217)
	at org.springframework.web.servlet.handler.AbstractHandlerMethodMapping.afterPropertiesSet(AbstractHandlerMethodMapping.java:205)
	at org.springframework.web.servlet.mvc.method.annotation.RequestMappingHandlerMapping.afterPropertiesSet(RequestMappingHandlerMapping.java:189)
	at org.springframework.beans.factory.support.AbstractAutowireCapableBeanFactory.invokeInitMethods(AbstractAutowireCapableBeanFactory.java:1853)
	at org.springframework.beans.factory.support.AbstractAutowireCapableBeanFactory.initializeBean(AbstractAutowireCapableBeanFactory.java:1790)
	... 22 common frames omitted
2022-09-03 16:24:46.438 INFO  org.hibernate.validator.internal.util.Version     :21   [32m                  [0;39m HV000001: Hibernate Validator 6.1.6.Final
2022-09-03 16:24:46.448 INFO  com.example.wiki.WikiApplication                  :55   [32m                  [0;39m Starting WikiApplication on LAPTOP-TR0VVFJE with PID 12360 (D:\IDEA\Wiki\wiki\target\classes started by 陈 in D:\IDEA\Wiki\wiki)
2022-09-03 16:24:46.448 INFO  com.example.wiki.WikiApplication                  :651  [32m                  [0;39m No active profile set, falling back to default profiles: default
2022-09-03 16:24:46.470 INFO  o.s.b.d.env.DevToolsPropertyDefaultsPostProcessor :225  [32m                  [0;39m Devtools property defaults active! Set 'spring.devtools.add-properties' to 'false' to disable
2022-09-03 16:24:46.471 INFO  o.s.b.d.env.DevToolsPropertyDefaultsPostProcessor :225  [32m                  [0;39m For additional web related logging consider setting the 'logging.level.web' property to 'DEBUG'
2022-09-03 16:24:46.801 INFO  o.s.d.r.config.RepositoryConfigurationDelegate    :249  [32m                  [0;39m Multiple Spring Data modules found, entering strict repository configuration mode!
2022-09-03 16:24:46.803 INFO  o.s.d.r.config.RepositoryConfigurationDelegate    :127  [32m                  [0;39m Bootstrapping Spring Data Redis repositories in DEFAULT mode.
2022-09-03 16:24:46.818 INFO  o.s.d.r.config.RepositoryConfigurationDelegate    :187  [32m                  [0;39m Finished Spring Data repository scanning in 5ms. Found 0 Redis repository interfaces.
2022-09-03 16:24:47.165 INFO  o.s.boot.web.embedded.tomcat.TomcatWebServer      :108  [32m                  [0;39m Tomcat initialized with port(s): 8080 (http)
2022-09-03 16:24:47.169 INFO  org.apache.coyote.http11.Http11NioProtocol        :173  [32m                  [0;39m Initializing ProtocolHandler ["http-nio-8080"]
2022-09-03 16:24:47.170 INFO  org.apache.catalina.core.StandardService          :173  [32m                  [0;39m Starting service [Tomcat]
2022-09-03 16:24:47.170 INFO  org.apache.catalina.core.StandardEngine           :173  [32m                  [0;39m Starting Servlet engine: [Apache Tomcat/9.0.41]
2022-09-03 16:24:47.251 INFO  o.a.c.core.ContainerBase.[Tomcat].[localhost].[/] :173  [32m                  [0;39m Initializing Spring embedded WebApplicationContext
2022-09-03 16:24:47.252 INFO  o.s.b.w.s.c.ServletWebServerApplicationContext    :285  [32m                  [0;39m Root WebApplicationContext: initialization completed in 781 ms
2022-09-03 16:24:47.600 WARN  o.s.b.w.s.c.AnnotationConfigServletWebServerApplicationContext:559  [32m                  [0;39m Exception encountered during context initialization - cancelling refresh attempt: org.springframework.beans.factory.BeanCreationException: Error creating bean with name 'requestMappingHandlerMapping' defined in class path resource [org/springframework/web/servlet/config/annotation/DelegatingWebMvcConfiguration.class]: Invocation of init method failed; nested exception is java.lang.IllegalStateException: Ambiguous mapping. Cannot map 'testController' method 
com.example.wiki.controller.TestController#Hello()
to { /hellow}: There is already 'sysUserController' bean method
com.example.wiki.controller.SysUserController#Hello() mapped.
2022-09-03 16:24:47.608 INFO  org.apache.catalina.core.StandardService          :173  [32m                  [0;39m Stopping service [Tomcat]
2022-09-03 16:24:47.614 INFO  o.s.b.a.l.ConditionEvaluationReportLoggingListener:136  [32m                  [0;39m 

Error starting ApplicationContext. To display the conditions report re-run your application with 'debug' enabled.
2022-09-03 16:24:47.618 ERROR org.springframework.boot.SpringApplication        :837  [32m                  [0;39m Application run failed
org.springframework.beans.factory.BeanCreationException: Error creating bean with name 'requestMappingHandlerMapping' defined in class path resource [org/springframework/web/servlet/config/annotation/DelegatingWebMvcConfiguration.class]: Invocation of init method failed; nested exception is java.lang.IllegalStateException: Ambiguous mapping. Cannot map 'testController' method 
com.example.wiki.controller.TestController#Hello()
to { /hellow}: There is already 'sysUserController' bean method
com.example.wiki.controller.SysUserController#Hello() mapped.
	at org.springframework.beans.factory.support.AbstractAutowireCapableBeanFactory.initializeBean(AbstractAutowireCapableBeanFactory.java:1794)
	at org.springframework.beans.factory.support.AbstractAutowireCapableBeanFactory.doCreateBean(AbstractAutowireCapableBeanFactory.java:594)
	at org.springframework.beans.factory.support.AbstractAutowireCapableBeanFactory.createBean(AbstractAutowireCapableBeanFactory.java:516)
	at org.springframework.beans.factory.support.AbstractBeanFactory.lambda$doGetBean$0(AbstractBeanFactory.java:324)
	at org.springframework.beans.factory.support.DefaultSingletonBeanRegistry.getSingleton(DefaultSingletonBeanRegistry.java:234)
	at org.springframework.beans.factory.support.AbstractBeanFactory.doGetBean(AbstractBeanFactory.java:322)
	at org.springframework.beans.factory.support.AbstractBeanFactory.getBean(AbstractBeanFactory.java:202)
	at org.springframework.beans.factory.support.DefaultListableBeanFactory.preInstantiateSingletons(DefaultListableBeanFactory.java:897)
	at org.springframework.context.support.AbstractApplicationContext.finishBeanFactoryInitialization(AbstractApplicationContext.java:879)
	at org.springframework.context.support.AbstractApplicationContext.refresh(AbstractApplicationContext.java:551)
	at org.springframework.boot.web.servlet.context.ServletWebServerApplicationContext.refresh(ServletWebServerApplicationContext.java:143)
	at org.springframework.boot.SpringApplication.refresh(SpringApplication.java:758)
	at org.springframework.boot.SpringApplication.refresh(SpringApplication.java:750)
	at org.springframework.boot.SpringApplication.refreshContext(SpringApplication.java:405)
	at org.springframework.boot.SpringApplication.run(SpringApplication.java:315)
	at org.springframework.boot.SpringApplication.run(SpringApplication.java:1237)
	at org.springframework.boot.SpringApplication.run(SpringApplication.java:1226)
	at com.example.wiki.WikiApplication.main(WikiApplication.java:10)
	at sun.reflect.NativeMethodAccessorImpl.invoke0(Native Method)
	at sun.reflect.NativeMethodAccessorImpl.invoke(NativeMethodAccessorImpl.java:62)
	at sun.reflect.DelegatingMethodAccessorImpl.invoke(DelegatingMethodAccessorImpl.java:43)
	at java.lang.reflect.Method.invoke(Method.java:498)
	at org.springframework.boot.devtools.restart.RestartLauncher.run(RestartLauncher.java:49)
Caused by: java.lang.IllegalStateException: Ambiguous mapping. Cannot map 'testController' method 
com.example.wiki.controller.TestController#Hello()
to { /hellow}: There is already 'sysUserController' bean method
com.example.wiki.controller.SysUserController#Hello() mapped.
	at org.springframework.web.servlet.handler.AbstractHandlerMethodMapping$MappingRegistry.validateMethodMapping(AbstractHandlerMethodMapping.java:636)
	at org.springframework.web.servlet.handler.AbstractHandlerMethodMapping$MappingRegistry.register(AbstractHandlerMethodMapping.java:603)
	at org.springframework.web.servlet.handler.AbstractHandlerMethodMapping.registerHandlerMethod(AbstractHandlerMethodMapping.java:318)
	at org.springframework.web.servlet.mvc.method.annotation.RequestMappingHandlerMapping.registerHandlerMethod(RequestMappingHandlerMapping.java:378)
	at org.springframework.web.servlet.mvc.method.annotation.RequestMappingHandlerMapping.registerHandlerMethod(RequestMappingHandlerMapping.java:75)
	at org.springframework.web.servlet.handler.AbstractHandlerMethodMapping.lambda$detectHandlerMethods$1(AbstractHandlerMethodMapping.java:288)
	at java.util.LinkedHashMap.forEach(LinkedHashMap.java:684)
	at org.springframework.web.servlet.handler.AbstractHandlerMethodMapping.detectHandlerMethods(AbstractHandlerMethodMapping.java:286)
	at org.springframework.web.servlet.handler.AbstractHandlerMethodMapping.processCandidateBean(AbstractHandlerMethodMapping.java:258)
	at org.springframework.web.servlet.handler.AbstractHandlerMethodMapping.initHandlerMethods(AbstractHandlerMethodMapping.java:217)
	at org.springframework.web.servlet.handler.AbstractHandlerMethodMapping.afterPropertiesSet(AbstractHandlerMethodMapping.java:205)
	at org.springframework.web.servlet.mvc.method.annotation.RequestMappingHandlerMapping.afterPropertiesSet(RequestMappingHandlerMapping.java:189)
	at org.springframework.beans.factory.support.AbstractAutowireCapableBeanFactory.invokeInitMethods(AbstractAutowireCapableBeanFactory.java:1853)
	at org.springframework.beans.factory.support.AbstractAutowireCapableBeanFactory.initializeBean(AbstractAutowireCapableBeanFactory.java:1790)
	... 22 common frames omitted
2022-09-03 16:26:28.651 INFO  org.hibernate.validator.internal.util.Version     :21   [32m                  [0;39m HV000001: Hibernate Validator 6.1.6.Final
2022-09-03 16:26:28.662 INFO  com.example.wiki.WikiApplication                  :55   [32m                  [0;39m Starting WikiApplication on LAPTOP-TR0VVFJE with PID 13260 (D:\IDEA\Wiki\wiki\target\classes started by 陈 in D:\IDEA\Wiki\wiki)
2022-09-03 16:26:28.662 INFO  com.example.wiki.WikiApplication                  :651  [32m                  [0;39m No active profile set, falling back to default profiles: default
2022-09-03 16:26:28.691 INFO  o.s.b.d.env.DevToolsPropertyDefaultsPostProcessor :225  [32m                  [0;39m Devtools property defaults active! Set 'spring.devtools.add-properties' to 'false' to disable
2022-09-03 16:26:28.692 INFO  o.s.b.d.env.DevToolsPropertyDefaultsPostProcessor :225  [32m                  [0;39m For additional web related logging consider setting the 'logging.level.web' property to 'DEBUG'
2022-09-03 16:26:29.009 INFO  o.s.d.r.config.RepositoryConfigurationDelegate    :249  [32m                  [0;39m Multiple Spring Data modules found, entering strict repository configuration mode!
2022-09-03 16:26:29.010 INFO  o.s.d.r.config.RepositoryConfigurationDelegate    :127  [32m                  [0;39m Bootstrapping Spring Data Redis repositories in DEFAULT mode.
2022-09-03 16:26:29.022 INFO  o.s.d.r.config.RepositoryConfigurationDelegate    :187  [32m                  [0;39m Finished Spring Data repository scanning in 5ms. Found 0 Redis repository interfaces.
2022-09-03 16:26:29.370 INFO  o.s.boot.web.embedded.tomcat.TomcatWebServer      :108  [32m                  [0;39m Tomcat initialized with port(s): 8080 (http)
2022-09-03 16:26:29.374 INFO  org.apache.coyote.http11.Http11NioProtocol        :173  [32m                  [0;39m Initializing ProtocolHandler ["http-nio-8080"]
2022-09-03 16:26:29.374 INFO  org.apache.catalina.core.StandardService          :173  [32m                  [0;39m Starting service [Tomcat]
2022-09-03 16:26:29.374 INFO  org.apache.catalina.core.StandardEngine           :173  [32m                  [0;39m Starting Servlet engine: [Apache Tomcat/9.0.41]
2022-09-03 16:26:29.453 INFO  o.a.c.core.ContainerBase.[Tomcat].[localhost].[/] :173  [32m                  [0;39m Initializing Spring embedded WebApplicationContext
2022-09-03 16:26:29.453 INFO  o.s.b.w.s.c.ServletWebServerApplicationContext    :285  [32m                  [0;39m Root WebApplicationContext: initialization completed in 760 ms
2022-09-03 16:26:30.041 INFO  o.s.b.d.autoconfigure.OptionalLiveReloadServer    :58   [32m                  [0;39m LiveReload server is running on port 35729
2022-09-03 16:26:30.053 INFO  org.apache.coyote.http11.Http11NioProtocol        :173  [32m                  [0;39m Starting ProtocolHandler ["http-nio-8080"]
2022-09-03 16:26:30.063 INFO  o.s.boot.web.embedded.tomcat.TomcatWebServer      :220  [32m                  [0;39m Tomcat started on port(s): 8080 (http) with context path ''
2022-09-03 16:26:30.069 INFO  com.example.wiki.WikiApplication                  :61   [32m                  [0;39m Started WikiApplication in 1.595 seconds (JVM running for 2.083)
2022-09-03 16:26:38.830 INFO  o.a.c.core.ContainerBase.[Tomcat].[localhost].[/] :173  [32m                  [0;39m Initializing Spring DispatcherServlet 'dispatcherServlet'
2022-09-03 16:26:38.830 INFO  org.springframework.web.servlet.DispatcherServlet :525  [32m                  [0;39m Initializing Servlet 'dispatcherServlet'
2022-09-03 16:26:38.835 INFO  org.springframework.web.servlet.DispatcherServlet :547  [32m                  [0;39m Completed initialization in 5 ms
2022-09-03 16:26:38.847 INFO  com.example.wiki.aspect.LogAspect                 :54   [32m221184100017508352[0;39m ------------- 开始 -------------
2022-09-03 16:26:38.847 INFO  com.example.wiki.aspect.LogAspect                 :55   [32m221184100017508352[0;39m 请求地址: http://localhost:8080/test/list GET
2022-09-03 16:26:38.847 INFO  com.example.wiki.aspect.LogAspect                 :56   [32m221184100017508352[0;39m 类名方法: com.example.wiki.controller.TestController.list
2022-09-03 16:26:38.848 INFO  com.example.wiki.aspect.LogAspect                 :57   [32m221184100017508352[0;39m 远程地址: 127.0.0.1
2022-09-03 16:26:38.873 INFO  com.example.wiki.aspect.LogAspect                 :79   [32m221184100017508352[0;39m 请求参数: []
2022-09-03 16:26:38.886 INFO  com.zaxxer.hikari.HikariDataSource                :110  [32m221184100017508352[0;39m HikariPool-1 - Starting...
2022-09-03 16:26:39.180 INFO  com.zaxxer.hikari.HikariDataSource                :123  [32m221184100017508352[0;39m HikariPool-1 - Start completed.
2022-09-03 16:26:39.226 ERROR c.e.wiki.controller.ControllerExceptionHandler    :58   [32m221184100017508352[0;39m 系统异常：
org.springframework.jdbc.BadSqlGrammarException: 
### Error querying database.  Cause: java.sql.SQLSyntaxErrorException: Table 'xc.test' doesn't exist
### The error may exist in file [D:\IDEA\Wiki\wiki\target\classes\mapper\TestMapper.xml]
### The error may involve defaultParameterMap
### The error occurred while setting parameters
### SQL: select `id`, `username`, `password` from `test`
### Cause: java.sql.SQLSyntaxErrorException: Table 'xc.test' doesn't exist
; bad SQL grammar []; nested exception is java.sql.SQLSyntaxErrorException: Table 'xc.test' doesn't exist
	at org.springframework.jdbc.support.SQLErrorCodeSQLExceptionTranslator.doTranslate(SQLErrorCodeSQLExceptionTranslator.java:239)
	at org.springframework.jdbc.support.AbstractFallbackSQLExceptionTranslator.translate(AbstractFallbackSQLExceptionTranslator.java:72)
	at org.mybatis.spring.MyBatisExceptionTranslator.translateExceptionIfPossible(MyBatisExceptionTranslator.java:88)
	at org.mybatis.spring.SqlSessionTemplate$SqlSessionInterceptor.invoke(SqlSessionTemplate.java:440)
	at com.sun.proxy.$Proxy83.selectList(Unknown Source)
	at org.mybatis.spring.SqlSessionTemplate.selectList(SqlSessionTemplate.java:223)
	at org.apache.ibatis.binding.MapperMethod.executeForMany(MapperMethod.java:147)
	at org.apache.ibatis.binding.MapperMethod.execute(MapperMethod.java:80)
	at org.apache.ibatis.binding.MapperProxy$PlainMethodInvoker.invoke(MapperProxy.java:152)
	at org.apache.ibatis.binding.MapperProxy.invoke(MapperProxy.java:85)
	at com.sun.proxy.$Proxy93.list(Unknown Source)
	at com.example.wiki.service.TestService.list(TestService.java:16)
	at com.example.wiki.controller.TestController.list(TestController.java:23)
	at com.example.wiki.controller.TestController$$FastClassBySpringCGLIB$$b19297d3.invoke(<generated>)
	at org.springframework.cglib.proxy.MethodProxy.invoke(MethodProxy.java:218)
	at org.springframework.aop.framework.CglibAopProxy$CglibMethodInvocation.invokeJoinpoint(CglibAopProxy.java:771)
	at org.springframework.aop.framework.ReflectiveMethodInvocation.proceed(ReflectiveMethodInvocation.java:163)
	at org.springframework.aop.framework.CglibAopProxy$CglibMethodInvocation.proceed(CglibAopProxy.java:749)
	at org.springframework.aop.framework.adapter.MethodBeforeAdviceInterceptor.invoke(MethodBeforeAdviceInterceptor.java:56)
	at org.springframework.aop.framework.ReflectiveMethodInvocation.proceed(ReflectiveMethodInvocation.java:186)
	at org.springframework.aop.framework.CglibAopProxy$CglibMethodInvocation.proceed(CglibAopProxy.java:749)
	at org.springframework.aop.aspectj.MethodInvocationProceedingJoinPoint.proceed(MethodInvocationProceedingJoinPoint.java:88)
	at com.example.wiki.aspect.LogAspect.doAround(LogAspect.java:85)
	at sun.reflect.NativeMethodAccessorImpl.invoke0(Native Method)
	at sun.reflect.NativeMethodAccessorImpl.invoke(NativeMethodAccessorImpl.java:62)
	at sun.reflect.DelegatingMethodAccessorImpl.invoke(DelegatingMethodAccessorImpl.java:43)
	at java.lang.reflect.Method.invoke(Method.java:498)
	at org.springframework.aop.aspectj.AbstractAspectJAdvice.invokeAdviceMethodWithGivenArgs(AbstractAspectJAdvice.java:644)
	at org.springframework.aop.aspectj.AbstractAspectJAdvice.invokeAdviceMethod(AbstractAspectJAdvice.java:633)
	at org.springframework.aop.aspectj.AspectJAroundAdvice.invoke(AspectJAroundAdvice.java:70)
	at org.springframework.aop.framework.ReflectiveMethodInvocation.proceed(ReflectiveMethodInvocation.java:186)
	at org.springframework.aop.framework.CglibAopProxy$CglibMethodInvocation.proceed(CglibAopProxy.java:749)
	at org.springframework.aop.interceptor.ExposeInvocationInterceptor.invoke(ExposeInvocationInterceptor.java:95)
	at org.springframework.aop.framework.ReflectiveMethodInvocation.proceed(ReflectiveMethodInvocation.java:186)
	at org.springframework.aop.framework.CglibAopProxy$CglibMethodInvocation.proceed(CglibAopProxy.java:749)
	at org.springframework.aop.framework.CglibAopProxy$DynamicAdvisedInterceptor.intercept(CglibAopProxy.java:691)
	at com.example.wiki.controller.TestController$$EnhancerBySpringCGLIB$$4c7dec4c.list(<generated>)
	at sun.reflect.NativeMethodAccessorImpl.invoke0(Native Method)
	at sun.reflect.NativeMethodAccessorImpl.invoke(NativeMethodAccessorImpl.java:62)
	at sun.reflect.DelegatingMethodAccessorImpl.invoke(DelegatingMethodAccessorImpl.java:43)
	at java.lang.reflect.Method.invoke(Method.java:498)
	at org.springframework.web.method.support.InvocableHandlerMethod.doInvoke(InvocableHandlerMethod.java:190)
	at org.springframework.web.method.support.InvocableHandlerMethod.invokeForRequest(InvocableHandlerMethod.java:138)
	at org.springframework.web.servlet.mvc.method.annotation.ServletInvocableHandlerMethod.invokeAndHandle(ServletInvocableHandlerMethod.java:105)
	at org.springframework.web.servlet.mvc.method.annotation.RequestMappingHandlerAdapter.invokeHandlerMethod(RequestMappingHandlerAdapter.java:878)
	at org.springframework.web.servlet.mvc.method.annotation.RequestMappingHandlerAdapter.handleInternal(RequestMappingHandlerAdapter.java:792)
	at org.springframework.web.servlet.mvc.method.AbstractHandlerMethodAdapter.handle(AbstractHandlerMethodAdapter.java:87)
	at org.springframework.web.servlet.DispatcherServlet.doDispatch(DispatcherServlet.java:1040)
	at org.springframework.web.servlet.DispatcherServlet.doService(DispatcherServlet.java:943)
	at org.springframework.web.servlet.FrameworkServlet.processRequest(FrameworkServlet.java:1006)
	at org.springframework.web.servlet.FrameworkServlet.doGet(FrameworkServlet.java:898)
	at javax.servlet.http.HttpServlet.service(HttpServlet.java:626)
	at org.springframework.web.servlet.FrameworkServlet.service(FrameworkServlet.java:883)
	at javax.servlet.http.HttpServlet.service(HttpServlet.java:733)
	at org.apache.catalina.core.ApplicationFilterChain.internalDoFilter(ApplicationFilterChain.java:231)
	at org.apache.catalina.core.ApplicationFilterChain.doFilter(ApplicationFilterChain.java:166)
	at org.apache.tomcat.websocket.server.WsFilter.doFilter(WsFilter.java:53)
	at org.apache.catalina.core.ApplicationFilterChain.internalDoFilter(ApplicationFilterChain.java:193)
	at org.apache.catalina.core.ApplicationFilterChain.doFilter(ApplicationFilterChain.java:166)
	at org.springframework.web.filter.CharacterEncodingFilter.doFilterInternal(CharacterEncodingFilter.java:201)
	at org.springframework.web.filter.OncePerRequestFilter.doFilter(OncePerRequestFilter.java:119)
	at org.apache.catalina.core.ApplicationFilterChain.internalDoFilter(ApplicationFilterChain.java:193)
	at org.apache.catalina.core.ApplicationFilterChain.doFilter(ApplicationFilterChain.java:166)
	at org.apache.catalina.core.StandardWrapperValve.invoke(StandardWrapperValve.java:202)
	at org.apache.catalina.core.StandardContextValve.invoke(StandardContextValve.java:97)
	at org.apache.catalina.authenticator.AuthenticatorBase.invoke(AuthenticatorBase.java:542)
	at org.apache.catalina.core.StandardHostValve.invoke(StandardHostValve.java:143)
	at org.apache.catalina.valves.ErrorReportValve.invoke(ErrorReportValve.java:92)
	at org.apache.catalina.core.StandardEngineValve.invoke(StandardEngineValve.java:78)
	at org.apache.catalina.connector.CoyoteAdapter.service(CoyoteAdapter.java:343)
	at org.apache.coyote.http11.Http11Processor.service(Http11Processor.java:374)
	at org.apache.coyote.AbstractProcessorLight.process(AbstractProcessorLight.java:65)
	at org.apache.coyote.AbstractProtocol$ConnectionHandler.process(AbstractProtocol.java:888)
	at org.apache.tomcat.util.net.NioEndpoint$SocketProcessor.doRun(NioEndpoint.java:1597)
	at org.apache.tomcat.util.net.SocketProcessorBase.run(SocketProcessorBase.java:49)
	at java.util.concurrent.ThreadPoolExecutor.runWorker(ThreadPoolExecutor.java:1149)
	at java.util.concurrent.ThreadPoolExecutor$Worker.run(ThreadPoolExecutor.java:624)
	at org.apache.tomcat.util.threads.TaskThread$WrappingRunnable.run(TaskThread.java:61)
	at java.lang.Thread.run(Thread.java:748)
Caused by: java.sql.SQLSyntaxErrorException: Table 'xc.test' doesn't exist
	at com.mysql.cj.jdbc.exceptions.SQLError.createSQLException(SQLError.java:120)
	at com.mysql.cj.jdbc.exceptions.SQLError.createSQLException(SQLError.java:97)
	at com.mysql.cj.jdbc.exceptions.SQLExceptionsMapping.translateException(SQLExceptionsMapping.java:122)
	at com.mysql.cj.jdbc.ClientPreparedStatement.executeInternal(ClientPreparedStatement.java:953)
	at com.mysql.cj.jdbc.ClientPreparedStatement.execute(ClientPreparedStatement.java:370)
	at com.zaxxer.hikari.pool.ProxyPreparedStatement.execute(ProxyPreparedStatement.java:44)
	at com.zaxxer.hikari.pool.HikariProxyPreparedStatement.execute(HikariProxyPreparedStatement.java)
	at org.apache.ibatis.executor.statement.PreparedStatementHandler.query(PreparedStatementHandler.java:64)
	at org.apache.ibatis.executor.statement.RoutingStatementHandler.query(RoutingStatementHandler.java:79)
	at org.apache.ibatis.executor.SimpleExecutor.doQuery(SimpleExecutor.java:63)
	at org.apache.ibatis.executor.BaseExecutor.queryFromDatabase(BaseExecutor.java:325)
	at org.apache.ibatis.executor.BaseExecutor.query(BaseExecutor.java:156)
	at org.apache.ibatis.executor.CachingExecutor.query(CachingExecutor.java:109)
	at com.github.pagehelper.PageInterceptor.intercept(PageInterceptor.java:108)
	at org.apache.ibatis.plugin.Plugin.invoke(Plugin.java:61)
	at com.sun.proxy.$Proxy112.query(Unknown Source)
	at org.apache.ibatis.session.defaults.DefaultSqlSession.selectList(DefaultSqlSession.java:147)
	at org.apache.ibatis.session.defaults.DefaultSqlSession.selectList(DefaultSqlSession.java:140)
	at sun.reflect.NativeMethodAccessorImpl.invoke0(Native Method)
	at sun.reflect.NativeMethodAccessorImpl.invoke(NativeMethodAccessorImpl.java:62)
	at sun.reflect.DelegatingMethodAccessorImpl.invoke(DelegatingMethodAccessorImpl.java:43)
	at java.lang.reflect.Method.invoke(Method.java:498)
	at org.mybatis.spring.SqlSessionTemplate$SqlSessionInterceptor.invoke(SqlSessionTemplate.java:426)
	... 75 common frames omitted
2022-09-03 16:27:26.241 WARN  org.springframework.web.servlet.PageNotFound      :1251 [32m                  [0;39m No mapping for GET /sys_user/list
2022-09-03 16:27:35.337 WARN  org.springframework.web.servlet.PageNotFound      :1251 [32m                  [0;39m No mapping for GET /sysuser/list
2022-09-03 16:27:36.322 WARN  org.springframework.web.servlet.PageNotFound      :1251 [32m                  [0;39m No mapping for GET /sysuser/list
2022-09-03 16:28:11.090 INFO  com.example.wiki.aspect.LogAspect                 :54   [32m221184486916886528[0;39m ------------- 开始 -------------
2022-09-03 16:28:11.090 INFO  com.example.wiki.aspect.LogAspect                 :55   [32m221184486916886528[0;39m 请求地址: http://localhost:8080/list GET
2022-09-03 16:28:11.090 INFO  com.example.wiki.aspect.LogAspect                 :56   [32m221184486916886528[0;39m 类名方法: com.example.wiki.controller.SysUserController.list
2022-09-03 16:28:11.091 INFO  com.example.wiki.aspect.LogAspect                 :57   [32m221184486916886528[0;39m 远程地址: 127.0.0.1
2022-09-03 16:28:11.091 INFO  com.example.wiki.aspect.LogAspect                 :79   [32m221184486916886528[0;39m 请求参数: []
2022-09-03 16:28:11.114 INFO  com.example.wiki.aspect.LogAspect                 :91   [32m221184486916886528[0;39m 返回结果: []
2022-09-03 16:28:11.115 INFO  com.example.wiki.aspect.LogAspect                 :92   [32m221184486916886528[0;39m ------------- 结束 耗时：25 ms -------------
2022-09-03 16:28:42.682 INFO  com.example.wiki.aspect.LogAspect                 :54   [32m221184619423338496[0;39m ------------- 开始 -------------
2022-09-03 16:28:42.682 INFO  com.example.wiki.aspect.LogAspect                 :55   [32m221184619423338496[0;39m 请求地址: http://localhost:8080/list GET
2022-09-03 16:28:42.682 INFO  com.example.wiki.aspect.LogAspect                 :56   [32m221184619423338496[0;39m 类名方法: com.example.wiki.controller.SysUserController.list
2022-09-03 16:28:42.683 INFO  com.example.wiki.aspect.LogAspect                 :57   [32m221184619423338496[0;39m 远程地址: 127.0.0.1
2022-09-03 16:28:42.683 INFO  com.example.wiki.aspect.LogAspect                 :79   [32m221184619423338496[0;39m 请求参数: []
2022-09-03 16:28:42.696 INFO  com.example.wiki.aspect.LogAspect                 :91   [32m221184619423338496[0;39m 返回结果: [{"identity":"EkyvMrl6rO","remark":"tX3UNAkQIe","userid":1,"username":"Ma Ling Ling","userstate":"g"}]
2022-09-03 16:28:42.696 INFO  com.example.wiki.aspect.LogAspect                 :92   [32m221184619423338496[0;39m ------------- 结束 耗时：14 ms -------------
2022-09-03 16:28:43.754 INFO  com.example.wiki.aspect.LogAspect                 :54   [32m221184623919632384[0;39m ------------- 开始 -------------
2022-09-03 16:28:43.755 INFO  com.example.wiki.aspect.LogAspect                 :55   [32m221184623919632384[0;39m 请求地址: http://localhost:8080/list GET
2022-09-03 16:28:43.755 INFO  com.example.wiki.aspect.LogAspect                 :56   [32m221184623919632384[0;39m 类名方法: com.example.wiki.controller.SysUserController.list
2022-09-03 16:28:43.755 INFO  com.example.wiki.aspect.LogAspect                 :57   [32m221184623919632384[0;39m 远程地址: 127.0.0.1
2022-09-03 16:28:43.755 INFO  com.example.wiki.aspect.LogAspect                 :79   [32m221184623919632384[0;39m 请求参数: []
2022-09-03 16:28:43.756 INFO  com.example.wiki.aspect.LogAspect                 :91   [32m221184623919632384[0;39m 返回结果: [{"identity":"EkyvMrl6rO","remark":"tX3UNAkQIe","userid":1,"username":"Ma Ling Ling","userstate":"g"}]
2022-09-03 16:28:43.757 INFO  com.example.wiki.aspect.LogAspect                 :92   [32m221184623919632384[0;39m ------------- 结束 耗时：3 ms -------------
2022-09-03 16:33:31.393 INFO  com.zaxxer.hikari.HikariDataSource                :350  [32m                  [0;39m HikariPool-1 - Shutdown initiated...
2022-09-03 16:33:31.398 INFO  com.zaxxer.hikari.HikariDataSource                :352  [32m                  [0;39m HikariPool-1 - Shutdown completed.
